  App.cpp
  crt/host_defines.h is an internal header file and must not be used directly.  Please use cuda_runtime_api.h or cuda_runtime.h instead.
D:\NanoDNA Studios\Programming\ASCII-Donut-CUDA\ASCII-Donut-CUDA\Light.h(64,14): warning C4244: '=': conversion from 'float' to 'int', possible loss of data
  (compiling source file 'App.cpp')
  
D:\NanoDNA Studios\Programming\ASCII-Donut-CUDA\ASCII-Donut-CUDA\Donut.h(118,14): warning C4244: '=': conversion from '_Rep' to 'int', possible loss of data
D:\NanoDNA Studios\Programming\ASCII-Donut-CUDA\ASCII-Donut-CUDA\Donut.h(118,14): warning C4244:         with
D:\NanoDNA Studios\Programming\ASCII-Donut-CUDA\ASCII-Donut-CUDA\Donut.h(118,14): warning C4244:         [
D:\NanoDNA Studios\Programming\ASCII-Donut-CUDA\ASCII-Donut-CUDA\Donut.h(118,14): warning C4244:             _Rep=double
D:\NanoDNA Studios\Programming\ASCII-Donut-CUDA\ASCII-Donut-CUDA\Donut.h(118,14): warning C4244:         ]
  (compiling source file 'App.cpp')
  
D:\NanoDNA Studios\Programming\ASCII-Donut-CUDA\ASCII-Donut-CUDA\Donut.h(168,30): warning C4244: 'argument': conversion from 'int' to 'float', possible loss of data
  (compiling source file 'App.cpp')
  
D:\NanoDNA Studios\Programming\ASCII-Donut-CUDA\ASCII-Donut-CUDA\Donut.h(168,16): warning C4244: 'argument': conversion from 'int' to 'float', possible loss of data
  (compiling source file 'App.cpp')
  
D:\NanoDNA Studios\Programming\ASCII-Donut-CUDA\ASCII-Donut-CUDA\Donut.h(168,15): warning C4244: '=': conversion from 'float' to 'int', possible loss of data
  (compiling source file 'App.cpp')
  
D:\NanoDNA Studios\Programming\ASCII-Donut-CUDA\ASCII-Donut-CUDA\Donut.h(169,31): warning C4244: 'argument': conversion from 'int' to 'float', possible loss of data
  (compiling source file 'App.cpp')
  
D:\NanoDNA Studios\Programming\ASCII-Donut-CUDA\ASCII-Donut-CUDA\Donut.h(169,16): warning C4244: 'argument': conversion from 'int' to 'float', possible loss of data
  (compiling source file 'App.cpp')
  
D:\NanoDNA Studios\Programming\ASCII-Donut-CUDA\ASCII-Donut-CUDA\Donut.h(169,15): warning C4244: '=': conversion from 'float' to 'int', possible loss of data
  (compiling source file 'App.cpp')
  
D:\NanoDNA Studios\Programming\ASCII-Donut-CUDA\ASCII-Donut-CUDA\Donut.h(194,73): warning C4244: 'argument': conversion from 'int' to 'float', possible loss of data
  (compiling source file 'App.cpp')
  
D:\NanoDNA Studios\Programming\ASCII-Donut-CUDA\ASCII-Donut-CUDA\Donut.h(194,30): warning C4244: 'argument': conversion from 'int' to 'float', possible loss of data
  (compiling source file 'App.cpp')
  
D:\NanoDNA Studios\Programming\ASCII-Donut-CUDA\ASCII-Donut-CUDA\Donut.h(194,29): warning C4244: '=': conversion from 'float' to 'int', possible loss of data
  (compiling source file 'App.cpp')
  
  Donut.cpp
  crt/host_defines.h is an internal header file and must not be used directly.  Please use cuda_runtime_api.h or cuda_runtime.h instead.
D:\NanoDNA Studios\Programming\ASCII-Donut-CUDA\ASCII-Donut-CUDA\Light.h(64,14): warning C4244: '=': conversion from 'float' to 'int', possible loss of data
  (compiling source file 'Donut.cpp')
  
D:\NanoDNA Studios\Programming\ASCII-Donut-CUDA\ASCII-Donut-CUDA\Donut.h(118,14): warning C4244: '=': conversion from '_Rep' to 'int', possible loss of data
D:\NanoDNA Studios\Programming\ASCII-Donut-CUDA\ASCII-Donut-CUDA\Donut.h(118,14): warning C4244:         with
D:\NanoDNA Studios\Programming\ASCII-Donut-CUDA\ASCII-Donut-CUDA\Donut.h(118,14): warning C4244:         [
D:\NanoDNA Studios\Programming\ASCII-Donut-CUDA\ASCII-Donut-CUDA\Donut.h(118,14): warning C4244:             _Rep=double
D:\NanoDNA Studios\Programming\ASCII-Donut-CUDA\ASCII-Donut-CUDA\Donut.h(118,14): warning C4244:         ]
  (compiling source file 'Donut.cpp')
  
D:\NanoDNA Studios\Programming\ASCII-Donut-CUDA\ASCII-Donut-CUDA\Donut.h(168,30): warning C4244: 'argument': conversion from 'int' to 'float', possible loss of data
  (compiling source file 'Donut.cpp')
  
D:\NanoDNA Studios\Programming\ASCII-Donut-CUDA\ASCII-Donut-CUDA\Donut.h(168,16): warning C4244: 'argument': conversion from 'int' to 'float', possible loss of data
  (compiling source file 'Donut.cpp')
  
D:\NanoDNA Studios\Programming\ASCII-Donut-CUDA\ASCII-Donut-CUDA\Donut.h(168,15): warning C4244: '=': conversion from 'float' to 'int', possible loss of data
  (compiling source file 'Donut.cpp')
  
D:\NanoDNA Studios\Programming\ASCII-Donut-CUDA\ASCII-Donut-CUDA\Donut.h(169,31): warning C4244: 'argument': conversion from 'int' to 'float', possible loss of data
  (compiling source file 'Donut.cpp')
  
D:\NanoDNA Studios\Programming\ASCII-Donut-CUDA\ASCII-Donut-CUDA\Donut.h(169,16): warning C4244: 'argument': conversion from 'int' to 'float', possible loss of data
  (compiling source file 'Donut.cpp')
  
D:\NanoDNA Studios\Programming\ASCII-Donut-CUDA\ASCII-Donut-CUDA\Donut.h(169,15): warning C4244: '=': conversion from 'float' to 'int', possible loss of data
  (compiling source file 'Donut.cpp')
  
D:\NanoDNA Studios\Programming\ASCII-Donut-CUDA\ASCII-Donut-CUDA\Donut.h(194,73): warning C4244: 'argument': conversion from 'int' to 'float', possible loss of data
  (compiling source file 'Donut.cpp')
  
D:\NanoDNA Studios\Programming\ASCII-Donut-CUDA\ASCII-Donut-CUDA\Donut.h(194,30): warning C4244: 'argument': conversion from 'int' to 'float', possible loss of data
  (compiling source file 'Donut.cpp')
  
D:\NanoDNA Studios\Programming\ASCII-Donut-CUDA\ASCII-Donut-CUDA\Donut.h(194,29): warning C4244: '=': conversion from 'float' to 'int', possible loss of data
  (compiling source file 'Donut.cpp')
  
  Generating Code...
  ASCII-Donut-CUDA.vcxproj -> D:\NanoDNA Studios\Programming\ASCII-Donut-CUDA\ASCII-Donut-CUDA\x64\Debug\ASCII-Donut-CUDA.exe
