d:\nanodna studios\programming\ascii-donut-cuda\ascii-donut-cuda\ascii-donut-cuda\x64\debug\vc143.pdb
d:\nanodna studios\programming\ascii-donut-cuda\ascii-donut-cuda\ascii-donut-cuda\x64\debug\vc143.idb
d:\nanodna studios\programming\ascii-donut-cuda\ascii-donut-cuda\ascii-donut-cuda\x64\debug\light.obj
d:\nanodna studios\programming\ascii-donut-cuda\ascii-donut-cuda\ascii-donut-cuda\x64\debug\donut.obj
d:\nanodna studios\programming\ascii-donut-cuda\ascii-donut-cuda\ascii-donut-cuda\x64\debug\app.obj
d:\nanodna studios\programming\ascii-donut-cuda\ascii-donut-cuda\ascii-donut-cuda\x64\debug\kernel.cu.obj
d:\nanodna studios\programming\ascii-donut-cuda\ascii-donut-cuda\ascii-donut-cuda\x64\debug\render.cu.obj
d:\nanodna studios\programming\ascii-donut-cuda\ascii-donut-cuda\x64\debug\ascii-donut-cuda.exe
d:\nanodna studios\programming\ascii-donut-cuda\ascii-donut-cuda\x64\debug\ascii-donut-cuda.pdb
d:\nanodna studios\programming\ascii-donut-cuda\ascii-donut-cuda\x64\debug\ascii-donut-cuda.lib
d:\nanodna studios\programming\ascii-donut-cuda\ascii-donut-cuda\x64\debug\ascii-donut-cuda.exp
d:\nanodna studios\programming\ascii-donut-cuda\ascii-donut-cuda\ascii-donut-cuda\x64\debug\ascii-donut-cuda.ilk
d:\nanodna studios\programming\ascii-donut-cuda\ascii-donut-cuda\ascii-donut-cuda\x64\debug\kernel.cu.cache
d:\nanodna studios\programming\ascii-donut-cuda\ascii-donut-cuda\ascii-donut-cuda\x64\debug\render.cu.cache
d:\nanodna studios\programming\ascii-donut-cuda\ascii-donut-cuda\ascii-donut-cuda\x64\debug\ascii-donut-cuda.tlog\cl.command.1.tlog
d:\nanodna studios\programming\ascii-donut-cuda\ascii-donut-cuda\ascii-donut-cuda\x64\debug\ascii-donut-cuda.tlog\cl.items.tlog
d:\nanodna studios\programming\ascii-donut-cuda\ascii-donut-cuda\ascii-donut-cuda\x64\debug\ascii-donut-cuda.tlog\cl.read.1.tlog
d:\nanodna studios\programming\ascii-donut-cuda\ascii-donut-cuda\ascii-donut-cuda\x64\debug\ascii-donut-cuda.tlog\cl.write.1.tlog
d:\nanodna studios\programming\ascii-donut-cuda\ascii-donut-cuda\ascii-donut-cuda\x64\debug\ascii-donut-cuda.tlog\cudacompile.read.1u.tlog
d:\nanodna studios\programming\ascii-donut-cuda\ascii-donut-cuda\ascii-donut-cuda\x64\debug\ascii-donut-cuda.tlog\cudacompile.write.1u.tlog
d:\nanodna studios\programming\ascii-donut-cuda\ascii-donut-cuda\ascii-donut-cuda\x64\debug\ascii-donut-cuda.tlog\link.command.1.tlog
d:\nanodna studios\programming\ascii-donut-cuda\ascii-donut-cuda\ascii-donut-cuda\x64\debug\ascii-donut-cuda.tlog\link.read.1.tlog
d:\nanodna studios\programming\ascii-donut-cuda\ascii-donut-cuda\ascii-donut-cuda\x64\debug\ascii-donut-cuda.tlog\link.secondary.1.tlog
d:\nanodna studios\programming\ascii-donut-cuda\ascii-donut-cuda\ascii-donut-cuda\x64\debug\ascii-donut-cuda.tlog\link.write.1.tlog
